C51 COMPILER V9.60.0.0   MAIN                                                              04/01/2022 09:39:08 PAGE 1   


C51 COMPILER V9.60.0.0, COMPILATION OF MODULE MAIN
OBJECT MODULE PLACED IN .\src\main.OBJ
COMPILER INVOKED BY: C:\SimplicityStudio\developer\toolchains\keil_8051\9.60\BIN\C51.exe C:\Users\danih\OneDrive - ort b
                    -raude college of engineering\Desktop\מיקרו בקרים\v5_workspace\Middle Project\src\main.c OMF2 SMALL DEBUG OBJECTEXTEND RO
                    -M(LARGE) WARNINGLEVEL(2) FLOATFUZZY(3) OPTIMIZE(8,SPEED) INTVECTOR(0X0000) INTPROMOTE INCDIR(C:\Users\danih\OneDrive - o
                    -rt braude college of engineering\Desktop\מיקרו בקרים\v5_workspace\Middle Project\inc;C:\Users\danih\OneDrive - ort braud
                    -e college of engineering\Desktop\מיקרו בקרים\v5_workspace\Middle Project\inc\config;C:/SimplicityStudio/developer/sdks/8
                    -051/v4.2.3//kits/common/drivers/efm8_memory_lcd/inc;C:/SimplicityStudio/developer/sdks/8051/v4.2.3//kits/common/drivers/
                    -efm8_memory_lcd/inc/graphics;C:/SimplicityStudio/developer/sdks/8051/v4.2.3//kits/common/drivers/efm8_memory_lcd/inc/con
                    -fig;C:/SimplicityStudio/developer/sdks/8051/v4.2.3//kits/common/bsp;C:/SimplicityStudio/developer/sdks/8051/v4.2.3//kits
                    -/EFM8UB2_SLSTK2001A/config;C:/SimplicityStudio/developer/sdks/8051/v4.2.3//Device/shared/si8051Base;C:/SimplicityStudio/
                    -developer/sdks/8051/v4.2.3//Device/EFM8UB2/inc;C:/SimplicityStudio/developer/sdks/8051/v4.2.3//kits/common/drivers/efm8_
                    -joystick;C:/SimplicityStudio/developer/sdks/8051/v4.2.3//kits/common/drivers/efm8_rgb_led;C:/SimplicityStudio/developer/
                    -sdks/8051/v4.2.3//Device/EFM8UB2/peripheral_driver/inc) PRINT(.\src\main.lst) COND PAGEWIDTH(120) PAGELENGTH(65) OBJECT(
                    -.\src\main.OBJ)

line level    source

   1          //-----------------------------------------------------------------------------
   2          // LAB4A.c - STUDENT version
   3          //----------------------------------------------------------------------------
   4          //  Copyright (C) ORT BRAUDE COLLEGE
   5          //  Electronics & Electrical Engineering Department
   6          //  All rights reserved.
   7          //  Owner               :  Dr. Fadil Tareef
   8          //  FILE NAME    :  LAB4A.c
   9          //  DATE         :  28 FEBRUARY 2020
  10          //  TARGET MCU   :  EFM8UB20F64G-A-QFP48,  EFM8UB2 SLSTK2001A
  11          //  DESCRIPTION  :  This program illustrates how to:
  12          //                                      - disable the watchdog timer,
  13          //                                      - using SPI serial communication,
  14          //                      - Generate white line in the LCD,
  15          //
  16          //-----------------------------------------------------------------------------
  17          //-----------------------------------------------------------------------------
  18          // Resources
  19          //-----------------------------------------------------------------------------
  20          // SYSCLK - 48MHz HFOSC / 2
  21          // SPI0   - 1MHz
  22          // Timer2 - 2MHz (SPI CS delay)
  23          // Timer3 - 1KHz (1ms tick)
  24          // P0.1 - CS (Active High)
  25          // P0.6 - SCK
  26          // P1.0 - MOSI
  27          // P1.4 - Display enable
  28          //-----------------------------------------------------------------------------
  29          // Includes
  30          //-----------------------------------------------------------------------------
  31          #include "bsp.h"
  32          #include "InitDevice.h"
  33          #include "disp.h"
  34          #include "tick.h"
  35          #include "render.h"
  36          #define LCD_height 128
  37          //-----------------------------------------------------------------------------
  38          // SiLabs_Startup() Routine
  39          // ----------------------------------------------------------------------------
  40          // This function is called immediately after reset, before the initialization
  41          // code is run in SILABS_STARTUP.A51 (which runs before main() ). This is a
  42          // useful place to disable the watchdog timer, which is enable by default
  43          // and may trigger before main() in some instances.
  44          //-----------------------------------------------------------------------------
C51 COMPILER V9.60.0.0   MAIN                                                              04/01/2022 09:39:08 PAGE 2   

  45          void SiLabs_Startup (void)
  46          {
  47   1        // Disable the watchdog here
  48   1      }
  49           
  50          //Students need to complete code in main program
  51          int main(void)
  52          {
  53   1        SI_SEGMENT_VARIABLE(line[DISP_BUF_SIZE], uint8_t, RENDER_LINE_SEG);
  54   1        uint8_t y;
  55   1        uint8_t rowindex=0;
  56   1      
  57   1        enter_DefaultMode_from_RESET();  // Enter default mode
  58   1        IE_EA = 1;    // Enable all interrupts
  59   1        DISP_ClearAll();
  60   1        DISP_Init();
  61   1        //~~~{.c}
  62   1        for (y=0; y< FONT_HEIGHT; y++) {
  63   2            RENDER_StrLine(line, 3, y, "נ˜»");
  64   2            DISP_WriteLine(4+y, line);
  65   2        }
  66   1        for (y=0; y< FONT_HEIGHT; y++) {
  67   2              RENDER_StrLine(line, 3, y, "Danny, Niv and Lior");
  68   2              DISP_WriteLine(14+y, line);
  69   2        }
  70   1        while(1);
  71   1      }


MODULE INFORMATION:   STATIC OVERLAYABLE
   CODE SIZE        =    117    ----
   CONSTANT SIZE    =     25    ----
   XDATA SIZE       =   ----    ----
   PDATA SIZE       =   ----    ----
   DATA SIZE        =   ----       2
   IDATA SIZE       =   ----      16
   BIT SIZE         =   ----    ----
   EDATA SIZE       =   ----    ----
   HDATA SIZE       =   ----    ----
   XDATA CONST SIZE =   ----    ----
   FAR CONST SIZE   =   ----    ----
END OF MODULE INFORMATION.


C51 COMPILATION COMPLETE.  0 WARNING(S),  0 ERROR(S)
