C51 COMPILER V9.60.0.0   RGB_LED                                                           05/02/2022 15:42:42 PAGE 1   


C51 COMPILER V9.60.0.0, COMPILATION OF MODULE RGB_LED
OBJECT MODULE PLACED IN .\lib\bsp\efm8_rgb_led\rgb_led.OBJ
COMPILER INVOKED BY: C:\SimplicityStudio\developer\toolchains\keil_8051\9.60\BIN\C51.exe C:\SimplicityStudio\developer\s
                    -dks\8051\v4.2.3\kits\common\drivers\efm8_rgb_led\rgb_led.c OMF2 SMALL DEBUG OBJECTEXTEND ROM(LARGE) WARNINGLEVEL(2) FLOA
                    -TFUZZY(3) OPTIMIZE(8,SPEED) INTVECTOR(0X0000) INTPROMOTE INCDIR(C:\Users\danih\OneDrive - ort braude college of engineer
                    -ing\Desktop\מיקרו בקרים\v5_workspace\Middle Project\inc;C:\Users\danih\OneDrive - ort braude college of engineering\Desk
                    -top\מיקרו בקרים\v5_workspace\Middle Project\inc\config;C:/SimplicityStudio/developer/sdks/8051/v4.2.3//kits/common/drive
                    -rs/efm8_memory_lcd/inc;C:/SimplicityStudio/developer/sdks/8051/v4.2.3//kits/common/drivers/efm8_memory_lcd/inc/graphics;
                    -C:/SimplicityStudio/developer/sdks/8051/v4.2.3//kits/common/drivers/efm8_memory_lcd/inc/config;C:/SimplicityStudio/devel
                    -oper/sdks/8051/v4.2.3//kits/common/bsp;C:/SimplicityStudio/developer/sdks/8051/v4.2.3//kits/EFM8UB2_SLSTK2001A/config;C:
                    -/SimplicityStudio/developer/sdks/8051/v4.2.3//Device/shared/si8051Base;C:/SimplicityStudio/developer/sdks/8051/v4.2.3//D
                    -evice/EFM8UB2/inc;C:/SimplicityStudio/developer/sdks/8051/v4.2.3//kits/common/drivers/efm8_joystick;C:/SimplicityStudio/
                    -developer/sdks/8051/v4.2.3//kits/common/drivers/efm8_rgb_led;C:/SimplicityStudio/developer/sdks/8051/v4.2.3//Device/EFM8
                    -UB2/peripheral_driver/inc) PRINT(.\lib\bsp\efm8_rgb_led\rgb_led.lst) COND PAGEWIDTH(120) PAGELENGTH(65) OBJECT(.\lib\bsp
                    -\efm8_rgb_led\rgb_led.OBJ)

line level    source

   1          /////////////////////////////////////////////////////////////////////////////
   2          // rgb_led.c
   3          /////////////////////////////////////////////////////////////////////////////
   4          
   5          #include "bsp.h"
   6          #include "rgb_led.h"
   7          
   8          /////////////////////////////////////////////////////////////////////////////
   9          // Function
  10          /////////////////////////////////////////////////////////////////////////////
  11          
  12          void RGB_SetColor(Color color, uint8_t intensity)
  13          {
  14   1          RGB_CEX_RED = (uint16_t)color.red * intensity / 255;
  15   1          RGB_CEX_GREEN = (uint16_t)color.green * intensity / 255;
  16   1          RGB_CEX_BLUE = (uint16_t)color.blue * intensity / 255;
  17   1      }


MODULE INFORMATION:   STATIC OVERLAYABLE
   CODE SIZE        =     57    ----
   CONSTANT SIZE    =   ----    ----
   XDATA SIZE       =   ----    ----
   PDATA SIZE       =   ----    ----
   DATA SIZE        =   ----       4
   IDATA SIZE       =   ----    ----
   BIT SIZE         =   ----    ----
   EDATA SIZE       =   ----    ----
   HDATA SIZE       =   ----    ----
   XDATA CONST SIZE =   ----    ----
   FAR CONST SIZE   =   ----    ----
END OF MODULE INFORMATION.


C51 COMPILATION COMPLETE.  0 WARNING(S),  0 ERROR(S)
